<?xml version="1.0" encoding="UTF-8"?>
<!-- Generated by org.testng.reporters.JUnitReportReporter -->
<testsuite hostname="EN3810055" failures="0" tests="4" name="EjerciciosViernes.Ejercicio3" time="12.603" errors="0" timestamp="2022-11-23T17:34:29 CST" skipped="0">
  <testcase classname="EjerciciosViernes.Ejercicio3" name="invocarNavegador" time="4.744"/>
  <system-out/>
  <testcase classname="EjerciciosViernes.Ejercicio3" name="compararTitulos" time="0.020"/>
  <system-out/>
  <testcase classname="EjerciciosViernes.Ejercicio3" name="comandosDeNavegacion" time="7.565"/>
  <system-out/>
  <testcase classname="EjerciciosViernes.Ejercicio3" name="cerrarNavegador" time="0.274"/>
  <system-out/>
</testsuite> <!-- EjerciciosViernes.Ejercicio3 -->
