<?xml version="1.0" encoding="UTF-8"?>
<!-- Generated by org.testng.reporters.JUnitReportReporter -->
<testsuite hostname="EN3810055" failures="0" tests="3" name="EjerciciosViernes.Ejercicio1" time="6.499" errors="0" timestamp="2022-11-23T16:41:21 CST" skipped="0">
  <testcase classname="EjerciciosViernes.Ejercicio1" name="buscarProducto" time="2.356"/>
  <system-out/>
  <testcase classname="EjerciciosViernes.Ejercicio1" name="usarFiltros" time="3.656"/>
  <system-out/>
  <testcase classname="EjerciciosViernes.Ejercicio1" name="tomarFoto" time="0.487"/>
  <system-out/>
</testsuite> <!-- EjerciciosViernes.Ejercicio1 -->
